23:53:49 **** Incremental Build of configuration Debug for project HW4 ****
Info: Internal Builder is used for build
g++ -O0 -g3 -Wall -c -fmessage-length=0 -std=c++11 -o "src\\hw411_test.o" "..\\src\\hw411_test.cpp" 
In file included from ..\src\hw411_test.cpp:14:0:
..\src\hw411_binarytree.hpp: In instantiation of 'void gvsu::BinaryTree<Z>::remove(gvsu::BinaryTree<Z>::Node*&, gvsu::BinaryTree<Z>::Node*, const Z&) const [with Z = std::basic_string<char>]':
..\src\hw411_binarytree.hpp:221:23:   required from 'void gvsu::BinaryTree<Z>::remove_from(gvsu::BinaryTree<Z>::Node*&, const Z&) const [with Z = std::basic_string<char>]'
..\src\hw411_binarytree.hpp:74:24:   required from 'void gvsu::BinaryTree<Z>::remove(const Z&) [with Z = std::basic_string<char>]'
..\src\hw411_test.cpp:45:18:   required from here
..\src\hw411_binarytree.hpp:252:7: warning: statement has no effect [-Wunused-value]
       prev->right == nullptr;
       ^
..\src\hw411_binarytree.hpp:258:7: warning: statement has no effect [-Wunused-value]
       prev->right == nullptr;
       ^
..\src\hw411_binarytree.hpp: In member function 'gvsu::BinaryTree<Z>::Node* gvsu::BinaryTree<Z>::removeHelper(gvsu::BinaryTree<Z>::Node*, gvsu::BinaryTree<Z>::Node*&, int) const [with Z = std::basic_string<char>]':
..\src\hw411_binarytree.hpp:286:2: warning: control reaches end of non-void function [-Wreturn-type]
  }
  ^
g++ -o HW4.exe "src\\hw411_test.o" 

23:53:58 Build Finished (took 9s.659ms)

