11:02:24 **** Incremental Build of configuration Debug for project Project3 ****
Info: Internal Builder is used for build
gcc -O0 -g3 -Wall -c -fmessage-length=0 -std=c99 -o "src\\infix2postfix.o" "..\\src\\infix2postfix.c" 
..\src\infix2postfix.c: In function 'isOperator':
..\src\infix2postfix.c:54:10: warning: comparison between pointer and integer [enabled by default]
  if (str == '+' || str == '-' || str == '*' || str == '/' || str == '%'
          ^
..\src\infix2postfix.c:54:24: warning: comparison between pointer and integer [enabled by default]
  if (str == '+' || str == '-' || str == '*' || str == '/' || str == '%'
                        ^
..\src\infix2postfix.c:54:38: warning: comparison between pointer and integer [enabled by default]
  if (str == '+' || str == '-' || str == '*' || str == '/' || str == '%'
                                      ^
..\src\infix2postfix.c:54:52: warning: comparison between pointer and integer [enabled by default]
  if (str == '+' || str == '-' || str == '*' || str == '/' || str == '%'
                                                    ^
..\src\infix2postfix.c:54:66: warning: comparison between pointer and integer [enabled by default]
  if (str == '+' || str == '-' || str == '*' || str == '/' || str == '%'
                                                                  ^
..\src\infix2postfix.c:55:11: warning: comparison between pointer and integer [enabled by default]
    || str == '(' || str == '^')
           ^
..\src\infix2postfix.c:55:25: warning: comparison between pointer and integer [enabled by default]
    || str == '(' || str == '^')
                         ^
..\src\infix2postfix.c: In function 'isOperand':
..\src\infix2postfix.c:62:2: warning: passing argument 1 of 'isdigit' makes integer from pointer without a cast [enabled by default]
  return isdigit(str);
  ^
In file included from ..\src\infix2postfix.c:5:0:
c:\mingw\include\ctype.h:51:37: note: expected 'int' but argument is of type 'char *'
 _CRTIMP int __cdecl __MINGW_NOTHROW isdigit(int);
                                     ^
..\src\infix2postfix.c: In function 'isLeftParen':
..\src\infix2postfix.c:67:13: warning: comparison between pointer and integer [enabled by default]
  return str == '(';
             ^
..\src\infix2postfix.c: In function 'isRightParen':
..\src\infix2postfix.c:72:13: warning: comparison between pointer and integer [enabled by default]
  return str == ')';
             ^
..\src\infix2postfix.c: In function 'stackPrecedence':
..\src\infix2postfix.c:77:10: warning: comparison between pointer and integer [enabled by default]
  if (str == '+' || str == '-')
          ^
..\src\infix2postfix.c:77:24: warning: comparison between pointer and integer [enabled by default]
  if (str == '+' || str == '-')
                        ^
..\src\infix2postfix.c:79:10: warning: comparison between pointer and integer [enabled by default]
  if (str == '*' || str == '/' || str == '%')
          ^
..\src\infix2postfix.c:79:24: warning: comparison between pointer and integer [enabled by default]
  if (str == '*' || str == '/' || str == '%')
                        ^
..\src\infix2postfix.c:79:38: warning: comparison between pointer and integer [enabled by default]
  if (str == '*' || str == '/' || str == '%')
                                      ^
..\src\infix2postfix.c:81:10: warning: comparison between pointer and integer [enabled by default]
  if (str == '^')
          ^
..\src\infix2postfix.c:83:10: warning: comparison between pointer and integer [enabled by default]
  if (str == '(')
          ^
..\src\infix2postfix.c: In function 'inputPrecedence':
..\src\infix2postfix.c:90:10: warning: comparison between pointer and integer [enabled by default]
  if (str == '+' || str == '-')
          ^
..\src\infix2postfix.c:90:24: warning: comparison between pointer and integer [enabled by default]
  if (str == '+' || str == '-')
                        ^
..\src\infix2postfix.c:92:10: warning: comparison between pointer and integer [enabled by default]
  if (str == '*' || str == '/' || str == '%')
          ^
..\src\infix2postfix.c:92:24: warning: comparison between pointer and integer [enabled by default]
  if (str == '*' || str == '/' || str == '%')
                        ^
..\src\infix2postfix.c:92:38: warning: comparison between pointer and integer [enabled by default]
  if (str == '*' || str == '/' || str == '%')
                                      ^
..\src\infix2postfix.c:94:10: warning: comparison between pointer and integer [enabled by default]
  if (str == '^')
          ^
..\src\infix2postfix.c:96:10: warning: comparison between pointer and integer [enabled by default]
  if (str == '(')
          ^
..\src\infix2postfix.c: In function 'evaluatePostfix':
..\src\infix2postfix.c:114:4: warning: passing argument 2 of 'stackPush' makes pointer from integer without a cast [enabled by default]
    stackPush(&s, applyOperator(x, y, str));
    ^
In file included from ..\src\infix2postfix.c:7:0:
..\src\stack.h:31:6: note: expected 'stkElement' but argument is of type 'int'
 void stackPush(stack *stkPtr, stkElement element);
      ^
..\src\infix2postfix.c:118:2: warning: return makes integer from pointer without a cast [enabled by default]
  return stackPop(&s);
  ^
..\src\infix2postfix.c: In function 'applyOperator':
..\src\infix2postfix.c:123:10: warning: comparison with string literal results in unspecified behavior [-Waddress]
  if (opr == "+")
          ^
..\src\infix2postfix.c:125:10: warning: comparison between pointer and integer [enabled by default]
  if (opr == '-')
          ^
..\src\infix2postfix.c:127:10: warning: comparison between pointer and integer [enabled by default]
  if (opr == '*')
          ^
..\src\infix2postfix.c:129:10: warning: comparison between pointer and integer [enabled by default]
  if (opr == '/')
          ^
..\src\infix2postfix.c:131:10: warning: comparison between pointer and integer [enabled by default]
  if (opr == '%')
          ^
..\src\infix2postfix.c:133:10: warning: comparison between pointer and integer [enabled by default]
  if (opr == '^')
          ^
gcc -o Project3.exe "src\\stacktest.o" "src\\stack.o" "src\\infix2postfix.o" "src\\driver.o" 

11:02:26 Build Finished (took 1s.525ms)

